Rock Cnady for XBOX One, init sequence

Driver init
D->C     04 20 01 00 

Controller response
C->D     04 f0 01 3a ba 01 10 00 01 00 00 00 00 00 00 00
         00 00 00 00 ba 00 7b 00 16 00 1f 00 20 00 27 00
         2d 00 4a 00 00 00 00 00 00 00 00 00 02 01 00 00
         00 01 00 01 00 00 06 01 02 03 04 06 07 05 01 04

Driver response
D->C    01 20 01 09 00 04 20 3a 00 00 00 80 00

Controller response
C->D    04 a0 01 ba 00 3a 05 06 0a 01 1a 00 57 69 6e 64    .....:......Wind
        6f 77 73 2e 58 62 6f 78 2e 49 6e 70 75 74 2e 47    ows.Xbox.Input.G
        61 6d 65 70 61 64 03 56 ff 76 97 fd 9b 81 45 ad    amepad.V.v....E.
        45 b6 45 bb a5 26 d6 2c 40 2e 08 df 07 e1 45 a5    E.E..&.,@.....E.

C->D    04 a0 01 ba 00 74 ab a3 12 7a f1 97 b5 e7 1f f3    .....t...z......
        b8 86 73 e9 40 a9 f8 2f 21 26 3a cf b7 02 17 00    ..s.@../!&:.....
        20 0e 00 01 00 10 00 00 00 00 00 00 00 00 00 00     ...............
        00 00 00 00 00 17 00 09 3c 00 01 00 08 00 00 00    ........<.......

C->D    04 b0 01 0c ae 01 00 00 00 00 00 00 00 00 00 00    ................
        00 00

Driver response
D->C    01 20 01 09 00 04 20 ba 00 00 00 00 00             . .... ......

Controller response
C->D    04 a0 01 00 ba 01                                  ......

D->C    05 20 02 09 06 00 00 00 00 00 00 55 53             . .........US

C->D    01 20 02 09 02 05 20 09 00 00 00 09 00

D->C    05 20 03 01 00 

C->D    03 20 01 04 80 00 00 00

D->C    0a 20 04 03 00 01 14 


C->D    20 00 01 0e 00 00 00 00 00 00 62 00 00 00 5d ff     .........b...].
        26 00                                              &.

        20 00 02 0e 00 00 00 00 00 00 3b 00 ec ff 72 ff     .........;...r.
                        00000010   26 00

        20 00 03 0e 00 00 00 00 00 00 4e 00 00 00 49 ff     .........N...I.
                        00000010   13 00

        20 00 04 0e 00 00 00 00 00 00 4e 00 00 00 5d ff     .........N...].
                        00000010   13 00 

D->C    06 20 01 02 01 00